Start testing: Oct 06 21:46 +08
----------------------------------------------------------
1/1 Testing: Base64Tests
1/1 Test: Base64Tests
Command: "/home/user/cpp/base64_encode_decode/build/base64_tests"
Directory: /home/user/cpp/base64_encode_decode/build
"Base64Tests" start time: Oct 06 21:46 +08
Output:
----------------------------------------------------------
Randomness seeded to: 1893396909
===============================================================================
All tests passed (13 assertions in 2 test cases)

<end of output>
Test time =   0.00 sec
----------------------------------------------------------
Test Passed.
"Base64Tests" end time: Oct 06 21:46 +08
"Base64Tests" time elapsed: 00:00:00
----------------------------------------------------------

End testing: Oct 06 21:46 +08
